<?xml version="1.0" encoding="UTF-8" ?>
<testsuite errors="1" failures="0" hostname="paul-laptop" name="net.firstpartners.rp.mid.global.PluginManagerTests" tests="1" time="0.0" timestamp="2010-01-04T22:47:34">
  <properties>
[...]
</properties>
  <error message="net.firstpartners.rp.mid.global.PluginManagerTests" type="java.lang.ClassNotFoundException">java.lang.ClassNotFoundException: net.firstpartners.rp.mid.global.PluginManagerTests
	at java.net.URLClassLoader$1.run(URLClassLoader.java:200)
	at java.security.AccessController.doPrivileged(Native Method)
	at java.net.URLClassLoader.findClass(URLClassLoader.java:188)
	at java.lang.ClassLoader.loadClass(ClassLoader.java:307)
	at sun.misc.Launcher$AppClassLoader.loadClass(Launcher.java:301)
	at java.lang.ClassLoader.loadClass(ClassLoader.java:252)
	at java.lang.ClassLoader.loadClassInternal(ClassLoader.java:320)
	at java.lang.Class.forName0(Native Method)
	at java.lang.Class.forName(Class.java:169)
</error>
  <system-out><![CDATA[]]></system-out>
  <system-err><![CDATA[]]></system-err>
</testsuite>
