<?xml version="1.0" encoding="UTF-8" ?>
<testsuite errors="0" failures="0" hostname="paul-laptop" name="net.firstpartners.rp2.Rp2CommandLineTest" tests="1" time="6.224" timestamp="2010-02-01T16:26:27">
  <properties>
[...]
</properties>
  <testcase classname="net.firstpartners.rp2.Rp2CommandLineTest" name="testCallMain" time="6.136" />
  <system-out><![CDATA[]]></system-out>
  <system-err><![CDATA[01-Feb-2010 16:26:27 net.firstpartners.rp2.Rp2CommandLineTest testCallMain
INFO: Default file location:/home/paul/projects/red-piranha/.
01-Feb-2010 16:26:28 net.firstpartners.drools.RuleRunner runStatelessRules
INFO: Creating master rule base
01-Feb-2010 16:26:28 net.firstpartners.drools.AbstractRuleLoader loadMultipleRules
INFO: Loading file: test/net/firstpartners/rp2/log-then-modify-rules.drl
01-Feb-2010 16:26:28 net.firstpartners.drools.AbstractRuleLoader loadMultipleRules
INFO: Loading Drl file: test/net/firstpartners/rp2/log-then-modify-rules.drl
01-Feb-2010 16:26:28 net.firstpartners.drools.AbstractRuleLoader loadDrlRules
INFO: Loading Main rule file
01-Feb-2010 16:26:33 net.firstpartners.drools.AbstractRuleLoader loadDrlRules
INFO: Finished Loading rule files
01-Feb-2010 16:26:33 net.firstpartners.drools.AbstractRuleLoader loadMultipleRules
INFO: No Drools Errors
01-Feb-2010 16:26:33 net.firstpartners.drools.AbstractRuleLoader logKnowledgePackages
INFO: Number of packages1
01-Feb-2010 16:26:33 net.firstpartners.drools.AbstractRuleLoader logKnowledgePackages
INFO: org.drools.definitions.impl.KnowledgePackageImp@107108e
01-Feb-2010 16:26:33 net.firstpartners.drools.AbstractRuleLoader loadMultipleRules
INFO: Creating new knowledgebase
01-Feb-2010 16:26:33 net.firstpartners.drools.AbstractRuleLoader loadMultipleRules
INFO: Adding packages to localBase
01-Feb-2010 16:26:33 net.firstpartners.drools.RuleRunner runStatelessRules
INFO: Creating new working memory
01-Feb-2010 16:26:33 net.firstpartners.drools.RuleRunner runStatelessRules
INFO: Checking for globals
01-Feb-2010 16:26:33 net.firstpartners.drools.RuleRunner runStatelessRules
INFO: Inserting handle to logger (via global)
01-Feb-2010 16:26:33 net.firstpartners.drools.RuleRunner runStatelessRules
INFO: Using facts:[Range:A_Broker
A_Broker_2: cellName:A_Broker_2 value:110.0 comment:null modified:false
A_Broker_3: cellName:A_Broker_3 value:300.0 comment:null modified:false
A_Broker_0: cellName:A_Broker_0 value:A Broker comment:null modified:false
A_Broker_1: cellName:A_Broker_1 value:true comment:null modified:false
A_Broker_4: cellName:A_Broker_4 value:n/a comment:null modified:false
, cellName:A_Broker_2 value:110.0 comment:null modified:false, cellName:A_Broker_3 value:300.0 comment:null modified:false, cellName:A_Broker_0 value:A Broker comment:null modified:false, cellName:A_Broker_1 value:true comment:null modified:false, cellName:A_Broker_4 value:n/a comment:null modified:false, Range:B_Broker
B_Broker_0: cellName:B_Broker_0 value:B Broker comment:null modified:false
B_Broker_1: cellName:B_Broker_1 value:false comment:null modified:false
B_Broker_2: cellName:B_Broker_2 value:120.0 comment:null modified:false
B_Broker_3: cellName:B_Broker_3 value:500.0 comment:null modified:false
B_Broker_4: cellName:B_Broker_4 value:n/a comment:null modified:false
, cellName:B_Broker_0 value:B Broker comment:null modified:false, cellName:B_Broker_1 value:false comment:null modified:false, cellName:B_Broker_2 value:120.0 comment:null modified:false, cellName:B_Broker_3 value:500.0 comment:null modified:false, cellName:B_Broker_4 value:n/a comment:null modified:false, Range:C_Broker
C_Broker_0: cellName:C_Broker_0 value:C Broker comment:null modified:false
C_Broker_1: cellName:C_Broker_1 value:true comment:null modified:false
C_Broker_2: cellName:C_Broker_2 value:130.0 comment:null modified:false
C_Broker_3: cellName:C_Broker_3 value:700.0 comment:null modified:false
C_Broker_4: cellName:C_Broker_4 value:n/a comment:null modified:false
, cellName:C_Broker_0 value:C Broker comment:null modified:false, cellName:C_Broker_1 value:true comment:null modified:false, cellName:C_Broker_2 value:130.0 comment:null modified:false, cellName:C_Broker_3 value:700.0 comment:null modified:false, cellName:C_Broker_4 value:n/a comment:null modified:false, Range:Current_Stock
Current_Stock_0: cellName:Current_Stock_0 value:Current Stock comment:null modified:false
Current_Stock_1: cellName:Current_Stock_1 value:2000.0 comment:null modified:false
, cellName:Current_Stock_0 value:Current Stock comment:null modified:false, cellName:Current_Stock_1 value:2000.0 comment:null modified:false, Range:D_Broker
D_Broker_0: cellName:D_Broker_0 value:D Broker comment:null modified:false
D_Broker_2: cellName:D_Broker_2 value:140.0 comment:null modified:false
D_Broker_1: cellName:D_Broker_1 value:false comment:null modified:false
D_Broker_4: cellName:D_Broker_4 value:n/a comment:null modified:false
D_Broker_3: cellName:D_Broker_3 value:300.0 comment:null modified:false
, cellName:D_Broker_0 value:D Broker comment:null modified:false, cellName:D_Broker_2 value:140.0 comment:null modified:false, cellName:D_Broker_1 value:false comment:null modified:false, cellName:D_Broker_4 value:n/a comment:null modified:false, cellName:D_Broker_3 value:300.0 comment:null modified:false, Range:E_Broker
E_Broker_4: cellName:E_Broker_4 value:n/a comment:null modified:false
E_Broker_1: cellName:E_Broker_1 value:true comment:null modified:false
E_Broker_0: cellName:E_Broker_0 value:E Broker comment:null modified:false
E_Broker_3: cellName:E_Broker_3 value:500.0 comment:null modified:false
E_Broker_2: cellName:E_Broker_2 value:150.0 comment:null modified:false
, cellName:E_Broker_4 value:n/a comment:null modified:false, cellName:E_Broker_1 value:true comment:null modified:false, cellName:E_Broker_0 value:E Broker comment:null modified:false, cellName:E_Broker_3 value:500.0 comment:null modified:false, cellName:E_Broker_2 value:150.0 comment:null modified:false, Range:F_Broker
F_Broker_2: cellName:F_Broker_2 value:160.0 comment:null modified:false
F_Broker_1: cellName:F_Broker_1 value:false comment:null modified:false
F_Broker_4: cellName:F_Broker_4 value:n/a comment:null modified:false
F_Broker_3: cellName:F_Broker_3 value:700.0 comment:null modified:false
F_Broker_0: cellName:F_Broker_0 value:F Broker comment:null modified:false
, cellName:F_Broker_2 value:160.0 comment:null modified:false, cellName:F_Broker_1 value:false comment:null modified:false, cellName:F_Broker_4 value:n/a comment:null modified:false, cellName:F_Broker_3 value:700.0 comment:null modified:false, cellName:F_Broker_0 value:F Broker comment:null modified:false, Range:G_Broker
G_Broker_1: cellName:G_Broker_1 value:true comment:null modified:false
G_Broker_0: cellName:G_Broker_0 value:G  Broker comment:null modified:false
G_Broker_4: cellName:G_Broker_4 value:n/a comment:null modified:false
G_Broker_3: cellName:G_Broker_3 value:300.0 comment:null modified:false
G_Broker_2: cellName:G_Broker_2 value:170.0 comment:null modified:false
, cellName:G_Broker_1 value:true comment:null modified:false, cellName:G_Broker_0 value:G  Broker comment:null modified:false, cellName:G_Broker_4 value:n/a comment:null modified:false, cellName:G_Broker_3 value:300.0 comment:null modified:false, cellName:G_Broker_2 value:170.0 comment:null modified:false, Range:H_Broker
H_Broker_0: cellName:H_Broker_0 value:H  Broker comment:null modified:false
H_Broker_1: cellName:H_Broker_1 value:false comment:null modified:false
H_Broker_2: cellName:H_Broker_2 value:180.0 comment:null modified:false
H_Broker_3: cellName:H_Broker_3 value:500.0 comment:null modified:false
H_Broker_4: cellName:H_Broker_4 value:n/a comment:null modified:false
, cellName:H_Broker_0 value:H  Broker comment:null modified:false, cellName:H_Broker_1 value:false comment:null modified:false, cellName:H_Broker_2 value:180.0 comment:null modified:false, cellName:H_Broker_3 value:500.0 comment:null modified:false, cellName:H_Broker_4 value:n/a comment:null modified:false, Range:I_Broker
I_Broker_3: cellName:I_Broker_3 value:700.0 comment:null modified:false
I_Broker_2: cellName:I_Broker_2 value:190.0 comment:null modified:false
I_Broker_1: cellName:I_Broker_1 value:true comment:null modified:false
I_Broker_0: cellName:I_Broker_0 value:I  Broker comment:null modified:false
I_Broker_4: cellName:I_Broker_4 value:n/a comment:null modified:false
, cellName:I_Broker_3 value:700.0 comment:null modified:false, cellName:I_Broker_2 value:190.0 comment:null modified:false, cellName:I_Broker_1 value:true comment:null modified:false, cellName:I_Broker_0 value:I  Broker comment:null modified:false, cellName:I_Broker_4 value:n/a comment:null modified:false, Range:J_Broker
J_Broker_0: cellName:J_Broker_0 value:J  Broker comment:null modified:false
J_Broker_4: cellName:J_Broker_4 value:n/a comment:null modified:false
J_Broker_3: cellName:J_Broker_3 value:300.0 comment:null modified:false
J_Broker_2: cellName:J_Broker_2 value:200.0 comment:null modified:false
J_Broker_1: cellName:J_Broker_1 value:false comment:null modified:false
, cellName:J_Broker_0 value:J  Broker comment:null modified:false, cellName:J_Broker_4 value:n/a comment:null modified:false, cellName:J_Broker_3 value:300.0 comment:null modified:false, cellName:J_Broker_2 value:200.0 comment:null modified:false, cellName:J_Broker_1 value:false comment:null modified:false, Range:K_Broker
K_Broker_0: cellName:K_Broker_0 value:K  Broker comment:null modified:false
K_Broker_1: cellName:K_Broker_1 value:true comment:null modified:false
K_Broker_3: cellName:K_Broker_3 value:500.0 comment:null modified:false
K_Broker_2: cellName:K_Broker_2 value:210.0 comment:null modified:false
K_Broker_4: cellName:K_Broker_4 value:n/a comment:null modified:false
, cellName:K_Broker_0 value:K  Broker comment:null modified:false, cellName:K_Broker_1 value:true comment:null modified:false, cellName:K_Broker_3 value:500.0 comment:null modified:false, cellName:K_Broker_2 value:210.0 comment:null modified:false, cellName:K_Broker_4 value:n/a comment:null modified:false, Range:L_Broker
L_Broker_3: cellName:L_Broker_3 value:700.0 comment:null modified:false
L_Broker_4: cellName:L_Broker_4 value:n/a comment:null modified:false
L_Broker_0: cellName:L_Broker_0 value:L  Broker comment:null modified:false
L_Broker_1: cellName:L_Broker_1 value:false comment:null modified:false
L_Broker_2: cellName:L_Broker_2 value:220.0 comment:null modified:false
, cellName:L_Broker_3 value:700.0 comment:null modified:false, cellName:L_Broker_4 value:n/a comment:null modified:false, cellName:L_Broker_0 value:L  Broker comment:null modified:false, cellName:L_Broker_1 value:false comment:null modified:false, cellName:L_Broker_2 value:220.0 comment:null modified:false, Range:M_Broker
M_Broker_1: cellName:M_Broker_1 value:true comment:null modified:false
M_Broker_0: cellName:M_Broker_0 value:M Broker comment:null modified:false
M_Broker_3: cellName:M_Broker_3 value:300.0 comment:null modified:false
M_Broker_2: cellName:M_Broker_2 value:230.0 comment:null modified:false
M_Broker_4: cellName:M_Broker_4 value:n/a comment:null modified:false
, cellName:M_Broker_1 value:true comment:null modified:false, cellName:M_Broker_0 value:M Broker comment:null modified:false, cellName:M_Broker_3 value:300.0 comment:null modified:false, cellName:M_Broker_2 value:230.0 comment:null modified:false, cellName:M_Broker_4 value:n/a comment:null modified:false, Range:N_Broker
N_Broker_2: cellName:N_Broker_2 value:240.0 comment:null modified:false
N_Broker_1: cellName:N_Broker_1 value:false comment:null modified:false
N_Broker_4: cellName:N_Broker_4 value:n/a comment:null modified:false
N_Broker_3: cellName:N_Broker_3 value:500.0 comment:null modified:false
N_Broker_0: cellName:N_Broker_0 value:N Broker comment:null modified:false
, cellName:N_Broker_2 value:240.0 comment:null modified:false, cellName:N_Broker_1 value:false comment:null modified:false, cellName:N_Broker_4 value:n/a comment:null modified:false, cellName:N_Broker_3 value:500.0 comment:null modified:false, cellName:N_Broker_0 value:N Broker comment:null modified:false, Range:O_Broker
O_Broker_1: cellName:O_Broker_1 value:true comment:null modified:false
O_Broker_0: cellName:O_Broker_0 value:O Broker comment:null modified:false
O_Broker_3: cellName:O_Broker_3 value:700.0 comment:null modified:false
O_Broker_2: cellName:O_Broker_2 value:250.0 comment:null modified:false
O_Broker_4: cellName:O_Broker_4 value:n/a comment:null modified:false
, cellName:O_Broker_1 value:true comment:null modified:false, cellName:O_Broker_0 value:O Broker comment:null modified:false, cellName:O_Broker_3 value:700.0 comment:null modified:false, cellName:O_Broker_2 value:250.0 comment:null modified:false, cellName:O_Broker_4 value:n/a comment:null modified:false, Range:P_Broker
P_Broker_2: cellName:P_Broker_2 value:260.0 comment:null modified:false
P_Broker_1: cellName:P_Broker_1 value:false comment:null modified:false
P_Broker_0: cellName:P_Broker_0 value:P Broker comment:null modified:false
P_Broker_4: cellName:P_Broker_4 value:n/a comment:null modified:false
P_Broker_3: cellName:P_Broker_3 value:300.0 comment:null modified:false
, cellName:P_Broker_2 value:260.0 comment:null modified:false, cellName:P_Broker_1 value:false comment:null modified:false, cellName:P_Broker_0 value:P Broker comment:null modified:false, cellName:P_Broker_4 value:n/a comment:null modified:false, cellName:P_Broker_3 value:300.0 comment:null modified:false, Range:Q_Broker
Q_Broker_4: cellName:Q_Broker_4 value:n/a comment:null modified:false
Q_Broker_2: cellName:Q_Broker_2 value:270.0 comment:null modified:false
Q_Broker_3: cellName:Q_Broker_3 value:500.0 comment:null modified:false
Q_Broker_0: cellName:Q_Broker_0 value:Q Broker comment:null modified:false
Q_Broker_1: cellName:Q_Broker_1 value:true comment:null modified:false
, cellName:Q_Broker_4 value:n/a comment:null modified:false, cellName:Q_Broker_2 value:270.0 comment:null modified:false, cellName:Q_Broker_3 value:500.0 comment:null modified:false, cellName:Q_Broker_0 value:Q Broker comment:null modified:false, cellName:Q_Broker_1 value:true comment:null modified:false, Range:R_Broker
R_Broker_4: cellName:R_Broker_4 value:n/a comment:null modified:false
R_Broker_3: cellName:R_Broker_3 value:700.0 comment:null modified:false
R_Broker_2: cellName:R_Broker_2 value:280.0 comment:null modified:false
R_Broker_1: cellName:R_Broker_1 value:false comment:null modified:false
R_Broker_0: cellName:R_Broker_0 value:R Broker comment:null modified:false
, cellName:R_Broker_4 value:n/a comment:null modified:false, cellName:R_Broker_3 value:700.0 comment:null modified:false, cellName:R_Broker_2 value:280.0 comment:null modified:false, cellName:R_Broker_1 value:false comment:null modified:false, cellName:R_Broker_0 value:R Broker comment:null modified:false, Range:S_Broker
S_Broker_4: cellName:S_Broker_4 value:n/a comment:null modified:false
S_Broker_2: cellName:S_Broker_2 value:290.0 comment:null modified:false
S_Broker_3: cellName:S_Broker_3 value:300.0 comment:null modified:false
S_Broker_0: cellName:S_Broker_0 value:S Broker comment:null modified:false
S_Broker_1: cellName:S_Broker_1 value:true comment:null modified:false
, cellName:S_Broker_4 value:n/a comment:null modified:false, cellName:S_Broker_2 value:290.0 comment:null modified:false, cellName:S_Broker_3 value:300.0 comment:null modified:false, cellName:S_Broker_0 value:S Broker comment:null modified:false, cellName:S_Broker_1 value:true comment:null modified:false, Range:T_Broker
T_Broker_0: cellName:T_Broker_0 value:T Broker comment:null modified:false
T_Broker_2: cellName:T_Broker_2 value:300.0 comment:null modified:false
T_Broker_1: cellName:T_Broker_1 value:false comment:null modified:false
T_Broker_4: cellName:T_Broker_4 value:n/a comment:null modified:false
T_Broker_3: cellName:T_Broker_3 value:500.0 comment:null modified:false
, cellName:T_Broker_0 value:T Broker comment:null modified:false, cellName:T_Broker_2 value:300.0 comment:null modified:false, cellName:T_Broker_1 value:false comment:null modified:false, cellName:T_Broker_4 value:n/a comment:null modified:false, cellName:T_Broker_3 value:500.0 comment:null modified:false, Range:U_Broker
U_Broker_4: cellName:U_Broker_4 value:n/a comment:null modified:false
U_Broker_3: cellName:U_Broker_3 value:300.0 comment:null modified:false
U_Broker_2: cellName:U_Broker_2 value:290.0 comment:null modified:false
U_Broker_1: cellName:U_Broker_1 value:true comment:null modified:false
U_Broker_0: cellName:U_Broker_0 value:U Broker comment:null modified:false
, cellName:U_Broker_4 value:n/a comment:null modified:false, cellName:U_Broker_3 value:300.0 comment:null modified:false, cellName:U_Broker_2 value:290.0 comment:null modified:false, cellName:U_Broker_1 value:true comment:null modified:false, cellName:U_Broker_0 value:U Broker comment:null modified:false, Range:V_Broker
V_Broker_4: cellName:V_Broker_4 value:n/a comment:null modified:false
V_Broker_3: cellName:V_Broker_3 value:500.0 comment:null modified:false
V_Broker_2: cellName:V_Broker_2 value:300.0 comment:null modified:false
V_Broker_1: cellName:V_Broker_1 value:false comment:null modified:false
V_Broker_0: cellName:V_Broker_0 value:V Broker comment:null modified:false
, cellName:V_Broker_4 value:n/a comment:null modified:false, cellName:V_Broker_3 value:500.0 comment:null modified:false, cellName:V_Broker_2 value:300.0 comment:null modified:false, cellName:V_Broker_1 value:false comment:null modified:false, cellName:V_Broker_0 value:V Broker comment:null modified:false, Range:W_Broker
W_Broker_0: cellName:W_Broker_0 value:W Broker comment:null modified:false
W_Broker_1: cellName:W_Broker_1 value:true comment:null modified:false
W_Broker_4: cellName:W_Broker_4 value:n/a comment:null modified:false
W_Broker_2: cellName:W_Broker_2 value:290.0 comment:null modified:false
W_Broker_3: cellName:W_Broker_3 value:300.0 comment:null modified:false
, cellName:W_Broker_0 value:W Broker comment:null modified:false, cellName:W_Broker_1 value:true comment:null modified:false, cellName:W_Broker_4 value:n/a comment:null modified:false, cellName:W_Broker_2 value:290.0 comment:null modified:false, cellName:W_Broker_3 value:300.0 comment:null modified:false, Range:X_Broker
X_Broker_0: cellName:X_Broker_0 value:X Broker comment:null modified:false
X_Broker_1: cellName:X_Broker_1 value:false comment:null modified:false
X_Broker_2: cellName:X_Broker_2 value:300.0 comment:null modified:false
X_Broker_3: cellName:X_Broker_3 value:500.0 comment:null modified:false
X_Broker_4: cellName:X_Broker_4 value:n/a comment:null modified:false
, cellName:X_Broker_0 value:X Broker comment:null modified:false, cellName:X_Broker_1 value:false comment:null modified:false, cellName:X_Broker_2 value:300.0 comment:null modified:false, cellName:X_Broker_3 value:500.0 comment:null modified:false, cellName:X_Broker_4 value:n/a comment:null modified:false, Range:Y_Broker
Y_Broker_2: cellName:Y_Broker_2 value:290.0 comment:null modified:false
Y_Broker_3: cellName:Y_Broker_3 value:300.0 comment:null modified:false
Y_Broker_0: cellName:Y_Broker_0 value:Y Broker comment:null modified:false
Y_Broker_1: cellName:Y_Broker_1 value:true comment:null modified:false
Y_Broker_4: cellName:Y_Broker_4 value:n/a comment:null modified:false
, cellName:Y_Broker_2 value:290.0 comment:null modified:false, cellName:Y_Broker_3 value:300.0 comment:null modified:false, cellName:Y_Broker_0 value:Y Broker comment:null modified:false, cellName:Y_Broker_1 value:true comment:null modified:false, cellName:Y_Broker_4 value:n/a comment:null modified:false, Range:Z_Broker
Z_Broker_0: cellName:Z_Broker_0 value:Z Broker comment:null modified:false
Z_Broker_1: cellName:Z_Broker_1 value:false comment:null modified:false
Z_Broker_2: cellName:Z_Broker_2 value:300.0 comment:null modified:false
Z_Broker_3: cellName:Z_Broker_3 value:500.0 comment:null modified:false
Z_Broker_4: cellName:Z_Broker_4 value:n/a comment:null modified:false
, cellName:Z_Broker_0 value:Z Broker comment:null modified:false, cellName:Z_Broker_1 value:false comment:null modified:false, cellName:Z_Broker_2 value:300.0 comment:null modified:false, cellName:Z_Broker_3 value:500.0 comment:null modified:false, cellName:Z_Broker_4 value:n/a comment:null modified:false]
01-Feb-2010 16:26:33 net.firstpartners.drools.RuleRunner runStatelessRules
INFO: ==================== Calling Rule Engine ====================
01-Feb-2010 16:26:33 net.firstpartners.drools.log.ExcelLogger info
INFO: modified cell value:cellName:Z_Broker_4 value:n/a comment:null modified:true
01-Feb-2010 16:26:33 net.firstpartners.drools.log.ExcelLogger info
INFO: modified cell value:cellName:Z_Broker_3 value:500.0 comment:null modified:true
01-Feb-2010 16:26:33 net.firstpartners.drools.log.ExcelLogger info
INFO: modified cell value:cellName:Z_Broker_2 value:300.0 comment:null modified:true
01-Feb-2010 16:26:33 net.firstpartners.drools.log.ExcelLogger info
INFO: modified cell value:cellName:Z_Broker_1 value:false comment:null modified:true
01-Feb-2010 16:26:33 net.firstpartners.drools.log.ExcelLogger info
INFO: modified cell value:cellName:Z_Broker_0 value:Z Broker comment:null modified:true
01-Feb-2010 16:26:33 net.firstpartners.drools.log.ExcelLogger info
INFO: modified cell value:cellName:Y_Broker_4 value:n/a comment:null modified:true
01-Feb-2010 16:26:33 net.firstpartners.drools.log.ExcelLogger info
INFO: modified cell value:cellName:Y_Broker_1 value:true comment:null modified:true
01-Feb-2010 16:26:33 net.firstpartners.drools.log.ExcelLogger info
INFO: modified cell value:cellName:Y_Broker_0 value:Y Broker comment:null modified:true
01-Feb-2010 16:26:33 net.firstpartners.drools.log.ExcelLogger info
INFO: modified cell value:cellName:Y_Broker_3 value:300.0 comment:null modified:true
01-Feb-2010 16:26:33 net.firstpartners.drools.log.ExcelLogger info
INFO: modified cell value:cellName:Y_Broker_2 value:290.0 comment:null modified:true
01-Feb-2010 16:26:33 net.firstpartners.drools.log.ExcelLogger info
INFO: modified cell value:cellName:X_Broker_4 value:n/a comment:null modified:true
01-Feb-2010 16:26:33 net.firstpartners.drools.log.ExcelLogger info
INFO: modified cell value:cellName:X_Broker_3 value:500.0 comment:null modified:true
01-Feb-2010 16:26:33 net.firstpartners.drools.log.ExcelLogger info
INFO: modified cell value:cellName:X_Broker_2 value:300.0 comment:null modified:true
01-Feb-2010 16:26:33 net.firstpartners.drools.log.ExcelLogger info
INFO: modified cell value:cellName:X_Broker_1 value:false comment:null modified:true
01-Feb-2010 16:26:33 net.firstpartners.drools.log.ExcelLogger info
INFO: modified cell value:cellName:X_Broker_0 value:X Broker comment:null modified:true
01-Feb-2010 16:26:33 net.firstpartners.drools.log.ExcelLogger info
INFO: modified cell value:cellName:W_Broker_3 value:300.0 comment:null modified:true
01-Feb-2010 16:26:33 net.firstpartners.drools.log.ExcelLogger info
INFO: modified cell value:cellName:W_Broker_2 value:290.0 comment:null modified:true
01-Feb-2010 16:26:33 net.firstpartners.drools.log.ExcelLogger info
INFO: modified cell value:cellName:W_Broker_4 value:n/a comment:null modified:true
01-Feb-2010 16:26:33 net.firstpartners.drools.log.ExcelLogger info
INFO: modified cell value:cellName:W_Broker_1 value:true comment:null modified:true
01-Feb-2010 16:26:33 net.firstpartners.drools.log.ExcelLogger info
INFO: modified cell value:cellName:W_Broker_0 value:W Broker comment:null modified:true
01-Feb-2010 16:26:33 net.firstpartners.drools.log.ExcelLogger info
INFO: modified cell value:cellName:V_Broker_0 value:V Broker comment:null modified:true
01-Feb-2010 16:26:33 net.firstpartners.drools.log.ExcelLogger info
INFO: modified cell value:cellName:V_Broker_1 value:false comment:null modified:true
01-Feb-2010 16:26:33 net.firstpartners.drools.log.ExcelLogger info
INFO: modified cell value:cellName:V_Broker_2 value:300.0 comment:null modified:true
01-Feb-2010 16:26:33 net.firstpartners.drools.log.ExcelLogger info
INFO: modified cell value:cellName:V_Broker_3 value:500.0 comment:null modified:true
01-Feb-2010 16:26:33 net.firstpartners.drools.log.ExcelLogger info
INFO: modified cell value:cellName:V_Broker_4 value:n/a comment:null modified:true
01-Feb-2010 16:26:33 net.firstpartners.drools.log.ExcelLogger info
INFO: modified cell value:cellName:U_Broker_0 value:U Broker comment:null modified:true
01-Feb-2010 16:26:33 net.firstpartners.drools.log.ExcelLogger info
INFO: modified cell value:cellName:U_Broker_1 value:true comment:null modified:true
01-Feb-2010 16:26:33 net.firstpartners.drools.log.ExcelLogger info
INFO: modified cell value:cellName:U_Broker_2 value:290.0 comment:null modified:true
01-Feb-2010 16:26:33 net.firstpartners.drools.log.ExcelLogger info
INFO: modified cell value:cellName:U_Broker_3 value:300.0 comment:null modified:true
01-Feb-2010 16:26:33 net.firstpartners.drools.log.ExcelLogger info
INFO: modified cell value:cellName:U_Broker_4 value:n/a comment:null modified:true
01-Feb-2010 16:26:33 net.firstpartners.drools.log.ExcelLogger info
INFO: modified cell value:cellName:T_Broker_3 value:500.0 comment:null modified:true
01-Feb-2010 16:26:33 net.firstpartners.drools.log.ExcelLogger info
INFO: modified cell value:cellName:T_Broker_4 value:n/a comment:null modified:true
01-Feb-2010 16:26:33 net.firstpartners.drools.log.ExcelLogger info
INFO: modified cell value:cellName:T_Broker_1 value:false comment:null modified:true
01-Feb-2010 16:26:33 net.firstpartners.drools.log.ExcelLogger info
INFO: modified cell value:cellName:T_Broker_2 value:300.0 comment:null modified:true
01-Feb-2010 16:26:33 net.firstpartners.drools.log.ExcelLogger info
INFO: modified cell value:cellName:T_Broker_0 value:T Broker comment:null modified:true
01-Feb-2010 16:26:33 net.firstpartners.drools.log.ExcelLogger info
INFO: modified cell value:cellName:S_Broker_1 value:true comment:null modified:true
01-Feb-2010 16:26:33 net.firstpartners.drools.log.ExcelLogger info
INFO: modified cell value:cellName:S_Broker_0 value:S Broker comment:null modified:true
01-Feb-2010 16:26:33 net.firstpartners.drools.log.ExcelLogger info
INFO: modified cell value:cellName:S_Broker_3 value:300.0 comment:null modified:true
01-Feb-2010 16:26:33 net.firstpartners.drools.log.ExcelLogger info
INFO: modified cell value:cellName:S_Broker_2 value:290.0 comment:null modified:true
01-Feb-2010 16:26:33 net.firstpartners.drools.log.ExcelLogger info
INFO: modified cell value:cellName:S_Broker_4 value:n/a comment:null modified:true
01-Feb-2010 16:26:33 net.firstpartners.drools.log.ExcelLogger info
INFO: modified cell value:cellName:R_Broker_0 value:R Broker comment:null modified:true
01-Feb-2010 16:26:33 net.firstpartners.drools.log.ExcelLogger info
INFO: modified cell value:cellName:R_Broker_1 value:false comment:null modified:true
01-Feb-2010 16:26:33 net.firstpartners.drools.log.ExcelLogger info
INFO: modified cell value:cellName:R_Broker_2 value:280.0 comment:null modified:true
01-Feb-2010 16:26:33 net.firstpartners.drools.log.ExcelLogger info
INFO: modified cell value:cellName:R_Broker_3 value:700.0 comment:null modified:true
01-Feb-2010 16:26:33 net.firstpartners.drools.log.ExcelLogger info
INFO: modified cell value:cellName:R_Broker_4 value:n/a comment:null modified:true
01-Feb-2010 16:26:33 net.firstpartners.drools.log.ExcelLogger info
INFO: modified cell value:cellName:Q_Broker_1 value:true comment:null modified:true
01-Feb-2010 16:26:33 net.firstpartners.drools.log.ExcelLogger info
INFO: modified cell value:cellName:Q_Broker_0 value:Q Broker comment:null modified:true
01-Feb-2010 16:26:33 net.firstpartners.drools.log.ExcelLogger info
INFO: modified cell value:cellName:Q_Broker_3 value:500.0 comment:null modified:true
01-Feb-2010 16:26:33 net.firstpartners.drools.log.ExcelLogger info
INFO: modified cell value:cellName:Q_Broker_2 value:270.0 comment:null modified:true
01-Feb-2010 16:26:33 net.firstpartners.drools.log.ExcelLogger info
INFO: modified cell value:cellName:Q_Broker_4 value:n/a comment:null modified:true
01-Feb-2010 16:26:33 net.firstpartners.drools.log.ExcelLogger info
INFO: modified cell value:cellName:P_Broker_3 value:300.0 comment:null modified:true
01-Feb-2010 16:26:33 net.firstpartners.drools.log.ExcelLogger info
INFO: modified cell value:cellName:P_Broker_4 value:n/a comment:null modified:true
01-Feb-2010 16:26:33 net.firstpartners.drools.log.ExcelLogger info
INFO: modified cell value:cellName:P_Broker_0 value:P Broker comment:null modified:true
01-Feb-2010 16:26:33 net.firstpartners.drools.log.ExcelLogger info
INFO: modified cell value:cellName:P_Broker_1 value:false comment:null modified:true
01-Feb-2010 16:26:33 net.firstpartners.drools.log.ExcelLogger info
INFO: modified cell value:cellName:P_Broker_2 value:260.0 comment:null modified:true
01-Feb-2010 16:26:33 net.firstpartners.drools.log.ExcelLogger info
INFO: modified cell value:cellName:O_Broker_4 value:n/a comment:null modified:true
01-Feb-2010 16:26:33 net.firstpartners.drools.log.ExcelLogger info
INFO: modified cell value:cellName:O_Broker_2 value:250.0 comment:null modified:true
01-Feb-2010 16:26:33 net.firstpartners.drools.log.ExcelLogger info
INFO: modified cell value:cellName:O_Broker_3 value:700.0 comment:null modified:true
01-Feb-2010 16:26:33 net.firstpartners.drools.log.ExcelLogger info
INFO: modified cell value:cellName:O_Broker_0 value:O Broker comment:null modified:true
01-Feb-2010 16:26:33 net.firstpartners.drools.log.ExcelLogger info
INFO: modified cell value:cellName:O_Broker_1 value:true comment:null modified:true
01-Feb-2010 16:26:33 net.firstpartners.drools.log.ExcelLogger info
INFO: modified cell value:cellName:N_Broker_0 value:N Broker comment:null modified:true
01-Feb-2010 16:26:33 net.firstpartners.drools.log.ExcelLogger info
INFO: modified cell value:cellName:N_Broker_3 value:500.0 comment:null modified:true
01-Feb-2010 16:26:33 net.firstpartners.drools.log.ExcelLogger info
INFO: modified cell value:cellName:N_Broker_4 value:n/a comment:null modified:true
01-Feb-2010 16:26:33 net.firstpartners.drools.log.ExcelLogger info
INFO: modified cell value:cellName:N_Broker_1 value:false comment:null modified:true
01-Feb-2010 16:26:33 net.firstpartners.drools.log.ExcelLogger info
INFO: modified cell value:cellName:N_Broker_2 value:240.0 comment:null modified:true
01-Feb-2010 16:26:33 net.firstpartners.drools.log.ExcelLogger info
INFO: modified cell value:cellName:M_Broker_4 value:n/a comment:null modified:true
01-Feb-2010 16:26:33 net.firstpartners.drools.log.ExcelLogger info
INFO: modified cell value:cellName:M_Broker_2 value:230.0 comment:null modified:true
01-Feb-2010 16:26:33 net.firstpartners.drools.log.ExcelLogger info
INFO: modified cell value:cellName:M_Broker_3 value:300.0 comment:null modified:true
01-Feb-2010 16:26:33 net.firstpartners.drools.log.ExcelLogger info
INFO: modified cell value:cellName:M_Broker_0 value:M Broker comment:null modified:true
01-Feb-2010 16:26:33 net.firstpartners.drools.log.ExcelLogger info
INFO: modified cell value:cellName:M_Broker_1 value:true comment:null modified:true
01-Feb-2010 16:26:33 net.firstpartners.drools.log.ExcelLogger info
INFO: modified cell value:cellName:L_Broker_2 value:220.0 comment:null modified:true
01-Feb-2010 16:26:33 net.firstpartners.drools.log.ExcelLogger info
INFO: modified cell value:cellName:L_Broker_1 value:false comment:null modified:true
01-Feb-2010 16:26:33 net.firstpartners.drools.log.ExcelLogger info
INFO: modified cell value:cellName:L_Broker_0 value:L  Broker comment:null modified:true
01-Feb-2010 16:26:33 net.firstpartners.drools.log.ExcelLogger info
INFO: modified cell value:cellName:L_Broker_4 value:n/a comment:null modified:true
01-Feb-2010 16:26:33 net.firstpartners.drools.log.ExcelLogger info
INFO: modified cell value:cellName:L_Broker_3 value:700.0 comment:null modified:true
01-Feb-2010 16:26:33 net.firstpartners.drools.log.ExcelLogger info
INFO: modified cell value:cellName:K_Broker_4 value:n/a comment:null modified:true
01-Feb-2010 16:26:33 net.firstpartners.drools.log.ExcelLogger info
INFO: modified cell value:cellName:K_Broker_2 value:210.0 comment:null modified:true
01-Feb-2010 16:26:33 net.firstpartners.drools.log.ExcelLogger info
INFO: modified cell value:cellName:K_Broker_3 value:500.0 comment:null modified:true
01-Feb-2010 16:26:33 net.firstpartners.drools.log.ExcelLogger info
INFO: modified cell value:cellName:K_Broker_1 value:true comment:null modified:true
01-Feb-2010 16:26:33 net.firstpartners.drools.log.ExcelLogger info
INFO: modified cell value:cellName:K_Broker_0 value:K  Broker comment:null modified:true
01-Feb-2010 16:26:33 net.firstpartners.drools.log.ExcelLogger info
INFO: modified cell value:cellName:J_Broker_1 value:false comment:null modified:true
01-Feb-2010 16:26:33 net.firstpartners.drools.log.ExcelLogger info
INFO: modified cell value:cellName:J_Broker_2 value:200.0 comment:null modified:true
01-Feb-2010 16:26:33 net.firstpartners.drools.log.ExcelLogger info
INFO: modified cell value:cellName:J_Broker_3 value:300.0 comment:null modified:true
01-Feb-2010 16:26:33 net.firstpartners.drools.log.ExcelLogger info
INFO: modified cell value:cellName:J_Broker_4 value:n/a comment:null modified:true
01-Feb-2010 16:26:33 net.firstpartners.drools.log.ExcelLogger info
INFO: modified cell value:cellName:J_Broker_0 value:J  Broker comment:null modified:true
01-Feb-2010 16:26:33 net.firstpartners.drools.log.ExcelLogger info
INFO: modified cell value:cellName:I_Broker_4 value:n/a comment:null modified:true
01-Feb-2010 16:26:33 net.firstpartners.drools.log.ExcelLogger info
INFO: modified cell value:cellName:I_Broker_0 value:I  Broker comment:null modified:true
01-Feb-2010 16:26:33 net.firstpartners.drools.log.ExcelLogger info
INFO: modified cell value:cellName:I_Broker_1 value:true comment:null modified:true
01-Feb-2010 16:26:33 net.firstpartners.drools.log.ExcelLogger info
INFO: modified cell value:cellName:I_Broker_2 value:190.0 comment:null modified:true
01-Feb-2010 16:26:33 net.firstpartners.drools.log.ExcelLogger info
INFO: modified cell value:cellName:I_Broker_3 value:700.0 comment:null modified:true
01-Feb-2010 16:26:33 net.firstpartners.drools.log.ExcelLogger info
INFO: modified cell value:cellName:H_Broker_4 value:n/a comment:null modified:true
01-Feb-2010 16:26:33 net.firstpartners.drools.log.ExcelLogger info
INFO: modified cell value:cellName:H_Broker_3 value:500.0 comment:null modified:true
01-Feb-2010 16:26:33 net.firstpartners.drools.log.ExcelLogger info
INFO: modified cell value:cellName:H_Broker_2 value:180.0 comment:null modified:true
01-Feb-2010 16:26:33 net.firstpartners.drools.log.ExcelLogger info
INFO: modified cell value:cellName:H_Broker_1 value:false comment:null modified:true
01-Feb-2010 16:26:33 net.firstpartners.drools.log.ExcelLogger info
INFO: modified cell value:cellName:H_Broker_0 value:H  Broker comment:null modified:true
01-Feb-2010 16:26:33 net.firstpartners.drools.log.ExcelLogger info
INFO: modified cell value:cellName:G_Broker_2 value:170.0 comment:null modified:true
01-Feb-2010 16:26:33 net.firstpartners.drools.log.ExcelLogger info
INFO: modified cell value:cellName:G_Broker_3 value:300.0 comment:null modified:true
01-Feb-2010 16:26:33 net.firstpartners.drools.log.ExcelLogger info
INFO: modified cell value:cellName:G_Broker_4 value:n/a comment:null modified:true
01-Feb-2010 16:26:33 net.firstpartners.drools.log.ExcelLogger info
INFO: modified cell value:cellName:G_Broker_0 value:G  Broker comment:null modified:true
01-Feb-2010 16:26:33 net.firstpartners.drools.log.ExcelLogger info
INFO: modified cell value:cellName:G_Broker_1 value:true comment:null modified:true
01-Feb-2010 16:26:33 net.firstpartners.drools.log.ExcelLogger info
INFO: modified cell value:cellName:F_Broker_0 value:F Broker comment:null modified:true
01-Feb-2010 16:26:33 net.firstpartners.drools.log.ExcelLogger info
INFO: modified cell value:cellName:F_Broker_3 value:700.0 comment:null modified:true
01-Feb-2010 16:26:33 net.firstpartners.drools.log.ExcelLogger info
INFO: modified cell value:cellName:F_Broker_4 value:n/a comment:null modified:true
01-Feb-2010 16:26:33 net.firstpartners.drools.log.ExcelLogger info
INFO: modified cell value:cellName:F_Broker_1 value:false comment:null modified:true
01-Feb-2010 16:26:33 net.firstpartners.drools.log.ExcelLogger info
INFO: modified cell value:cellName:F_Broker_2 value:160.0 comment:null modified:true
01-Feb-2010 16:26:33 net.firstpartners.drools.log.ExcelLogger info
INFO: modified cell value:cellName:E_Broker_2 value:150.0 comment:null modified:true
01-Feb-2010 16:26:33 net.firstpartners.drools.log.ExcelLogger info
INFO: modified cell value:cellName:E_Broker_3 value:500.0 comment:null modified:true
01-Feb-2010 16:26:33 net.firstpartners.drools.log.ExcelLogger info
INFO: modified cell value:cellName:E_Broker_0 value:E Broker comment:null modified:true
01-Feb-2010 16:26:33 net.firstpartners.drools.log.ExcelLogger info
INFO: modified cell value:cellName:E_Broker_1 value:true comment:null modified:true
01-Feb-2010 16:26:33 net.firstpartners.drools.log.ExcelLogger info
INFO: modified cell value:cellName:E_Broker_4 value:n/a comment:null modified:true
01-Feb-2010 16:26:33 net.firstpartners.drools.log.ExcelLogger info
INFO: modified cell value:cellName:D_Broker_3 value:300.0 comment:null modified:true
01-Feb-2010 16:26:33 net.firstpartners.drools.log.ExcelLogger info
INFO: modified cell value:cellName:D_Broker_4 value:n/a comment:null modified:true
01-Feb-2010 16:26:33 net.firstpartners.drools.log.ExcelLogger info
INFO: modified cell value:cellName:D_Broker_1 value:false comment:null modified:true
01-Feb-2010 16:26:33 net.firstpartners.drools.log.ExcelLogger info
INFO: modified cell value:cellName:D_Broker_2 value:140.0 comment:null modified:true
01-Feb-2010 16:26:33 net.firstpartners.drools.log.ExcelLogger info
INFO: modified cell value:cellName:D_Broker_0 value:D Broker comment:null modified:true
01-Feb-2010 16:26:33 net.firstpartners.drools.log.ExcelLogger info
INFO: modified cell value:cellName:Current_Stock_1 value:2000.0 comment:null modified:true
01-Feb-2010 16:26:33 net.firstpartners.drools.log.ExcelLogger info
INFO: modified cell value:cellName:Current_Stock_0 value:Current Stock comment:null modified:true
01-Feb-2010 16:26:33 net.firstpartners.drools.log.ExcelLogger info
INFO: modified cell value:cellName:C_Broker_4 value:n/a comment:null modified:true
01-Feb-2010 16:26:33 net.firstpartners.drools.log.ExcelLogger info
INFO: modified cell value:cellName:C_Broker_3 value:700.0 comment:null modified:true
01-Feb-2010 16:26:33 net.firstpartners.drools.log.ExcelLogger info
INFO: modified cell value:cellName:C_Broker_2 value:130.0 comment:null modified:true
01-Feb-2010 16:26:33 net.firstpartners.drools.log.ExcelLogger info
INFO: modified cell value:cellName:C_Broker_1 value:true comment:null modified:true
01-Feb-2010 16:26:33 net.firstpartners.drools.log.ExcelLogger info
INFO: modified cell value:cellName:C_Broker_0 value:C Broker comment:null modified:true
01-Feb-2010 16:26:33 net.firstpartners.drools.log.ExcelLogger info
INFO: modified cell value:cellName:B_Broker_4 value:n/a comment:null modified:true
01-Feb-2010 16:26:33 net.firstpartners.drools.log.ExcelLogger info
INFO: modified cell value:cellName:B_Broker_3 value:500.0 comment:null modified:true
01-Feb-2010 16:26:33 net.firstpartners.drools.log.ExcelLogger info
INFO: modified cell value:cellName:B_Broker_2 value:120.0 comment:null modified:true
01-Feb-2010 16:26:33 net.firstpartners.drools.log.ExcelLogger info
INFO: modified cell value:cellName:B_Broker_1 value:false comment:null modified:true
01-Feb-2010 16:26:33 net.firstpartners.drools.log.ExcelLogger info
INFO: modified cell value:cellName:B_Broker_0 value:B Broker comment:null modified:true
01-Feb-2010 16:26:33 net.firstpartners.drools.log.ExcelLogger info
INFO: modified cell value:cellName:A_Broker_4 value:n/a comment:null modified:true
01-Feb-2010 16:26:33 net.firstpartners.drools.log.ExcelLogger info
INFO: modified cell value:cellName:A_Broker_1 value:true comment:null modified:true
01-Feb-2010 16:26:33 net.firstpartners.drools.log.ExcelLogger info
INFO: modified cell value:cellName:A_Broker_0 value:A Broker comment:null modified:true
01-Feb-2010 16:26:33 net.firstpartners.drools.log.ExcelLogger info
INFO: modified cell value:cellName:A_Broker_3 value:300.0 comment:null modified:true
01-Feb-2010 16:26:33 net.firstpartners.drools.log.ExcelLogger info
INFO: modified cell value:cellName:A_Broker_2 value:110.0 comment:null modified:true
01-Feb-2010 16:26:33 net.firstpartners.drools.RuleRunner runStatelessRules
INFO: ==================== Rules Complete ====================
]]></system-err>
</testsuite>
